<?xml version="1.0" encoding="UTF-8"?>
<!-- Generated by org.testng.reporters.JUnitReportReporter -->
<testsuite skipped="0" hostname="DESKTOP-OT8VNT7" name="com.RestAssured.testCases.TC002_POST_REQUEST" tests="6" failures="0" timestamp="2023-01-25T12:57:04 EST" time="3.559" errors="0">
  <testcase name="checkContentType" time="0.004" classname="com.RestAssured.testCases.TC002_POST_REQUEST"/>
  <system-out/>
  <testcase name="checkStatusCode" time="0.001" classname="com.RestAssured.testCases.TC002_POST_REQUEST"/>
  <system-out/>
  <testcase name="checkServerType" time="0.004" classname="com.RestAssured.testCases.TC002_POST_REQUEST"/>
  <system-out/>
  <testcase name="checkResponseTime" time="0.003" classname="com.RestAssured.testCases.TC002_POST_REQUEST"/>
  <system-out/>
  <testcase name="checkSuccessCode" time="3.541" classname="com.RestAssured.testCases.TC002_POST_REQUEST"/>
  <system-out/>
  <testcase name="checkStatusLine" time="0.006" classname="com.RestAssured.testCases.TC002_POST_REQUEST"/>
  <system-out/>
</testsuite> <!-- com.RestAssured.testCases.TC002_POST_REQUEST -->
