<?xml version="1.0" encoding="UTF-8"?>
<!-- Generated by org.testng.reporters.JUnitReportReporter -->
<testsuite skipped="0" hostname="DESKTOP-OT8VNT7" name="com.RestAssured.testCases.TC006_GET_REQUEST" tests="1" failures="0" timestamp="2023-01-25T12:57:04 EST" time="0.471" errors="0">
  <testcase name="getListOfUsersAll_Nodes" time="0.471" classname="com.RestAssured.testCases.TC006_GET_REQUEST"/>
  <system-out/>
</testsuite> <!-- com.RestAssured.testCases.TC006_GET_REQUEST -->
