<?xml version="1.0" encoding="UTF-8"?>
<!-- Generated by org.testng.reporters.JUnitReportReporter -->
<testsuite skipped="0" hostname="DESKTOP-OT8VNT7" name="com.RestAssured.testCases.TC001_GET_REQUEST" tests="9" failures="0" timestamp="2023-01-25T12:57:04 EST" time="0.137" errors="0">
  <testcase name="checkStatusCode" time="0.041" classname="com.RestAssured.testCases.TC001_GET_REQUEST"/>
  <system-out/>
  <testcase name="checkContentLength" time="0.003" classname="com.RestAssured.testCases.TC001_GET_REQUEST"/>
  <system-out/>
  <testcase name="checkServerType" time="0.005" classname="com.RestAssured.testCases.TC001_GET_REQUEST"/>
  <system-out/>
  <testcase name="checkContentType" time="0.007" classname="com.RestAssured.testCases.TC001_GET_REQUEST"/>
  <system-out/>
  <testcase name="checkCookies" time="0.003" classname="com.RestAssured.testCases.TC001_GET_REQUEST"/>
  <system-out/>
  <testcase name="checkResponseTime" time="0.013" classname="com.RestAssured.testCases.TC001_GET_REQUEST"/>
  <system-out/>
  <testcase name="checkResponseBody" time="0.036" classname="com.RestAssured.testCases.TC001_GET_REQUEST"/>
  <system-out/>
  <testcase name="checkStatusLine" time="0.003" classname="com.RestAssured.testCases.TC001_GET_REQUEST"/>
  <system-out/>
  <testcase name="checkContentEncoding" time="0.026" classname="com.RestAssured.testCases.TC001_GET_REQUEST"/>
  <system-out/>
</testsuite> <!-- com.RestAssured.testCases.TC001_GET_REQUEST -->
