<?xml version="1.0" encoding="UTF-8"?>
<!-- Generated by org.testng.reporters.JUnitReportReporter -->
<testsuite skipped="0" hostname="DESKTOP-OT8VNT7" name="com.RestAssured.DDTestCases.TC008_DDT_POST_REQUEST" tests="4" failures="0" timestamp="2023-01-24T14:33:53 EST" time="4.140" errors="0">
  <testcase name="postNewEmployees" time="0.476" classname="com.RestAssured.DDTestCases.TC008_DDT_POST_REQUEST"/>
  <system-out/>
  <testcase name="postNewEmployees" time="0.507" classname="com.RestAssured.DDTestCases.TC008_DDT_POST_REQUEST"/>
  <system-out/>
  <testcase name="postNewEmployees" time="2.703" classname="com.RestAssured.DDTestCases.TC008_DDT_POST_REQUEST"/>
  <system-out/>
  <testcase name="postNewEmployees" time="0.454" classname="com.RestAssured.DDTestCases.TC008_DDT_POST_REQUEST"/>
  <system-out/>
</testsuite> <!-- com.RestAssured.DDTestCases.TC008_DDT_POST_REQUEST -->
