<?xml version="1.0" encoding="UTF-8"?>
<!-- Generated by org.testng.reporters.JUnitReportReporter -->
<testsuite skipped="0" hostname="DESKTOP-OT8VNT7" name="com.RestAssured.testCases.TC_005_GET_REQUEST" tests="1" failures="0" timestamp="2023-01-24T11:48:41 EST" time="2.881" errors="0">
  <testcase name="getListOfUsers" time="2.881" classname="com.RestAssured.testCases.TC_005_GET_REQUEST"/>
  <system-out/>
</testsuite> <!-- com.RestAssured.testCases.TC_005_GET_REQUEST -->
