<?xml version="1.0" encoding="UTF-8"?>
<!-- Generated by org.testng.reporters.JUnitReportReporter -->
<testsuite skipped="0" hostname="DESKTOP-OT8VNT7" name="com.RestAssured.testCases.TC005_DELETE_REQUEST" tests="4" failures="0" timestamp="2023-01-25T12:57:04 EST" time="0.013" errors="0">
  <testcase name="checkStatusLine" time="0.005" classname="com.RestAssured.testCases.TC005_DELETE_REQUEST"/>
  <system-out/>
  <testcase name="checkServerType" time="0.002" classname="com.RestAssured.testCases.TC005_DELETE_REQUEST"/>
  <system-out/>
  <testcase name="checkResponseTime" time="0.002" classname="com.RestAssured.testCases.TC005_DELETE_REQUEST"/>
  <system-out/>
  <testcase name="checkStatusCode" time="0.004" classname="com.RestAssured.testCases.TC005_DELETE_REQUEST"/>
  <system-out/>
</testsuite> <!-- com.RestAssured.testCases.TC005_DELETE_REQUEST -->
