<?xml version="1.0" encoding="UTF-8"?>
<!-- Generated by org.testng.reporters.JUnitReportReporter -->
<testsuite hostname="DESKTOP-OT8VNT7" failures="0" tests="8" name="com.RestAssured.testCases.TC003_GET_REQUEST" time="0.015" errors="0" timestamp="2023-01-25T13:29:27 EST" skipped="0">
  <testcase classname="com.RestAssured.testCases.TC003_GET_REQUEST" name="checkStatusLine" time="0.000"/>
  <system-out/>
  <testcase classname="com.RestAssured.testCases.TC003_GET_REQUEST" name="checkContentEncoding" time="0.003"/>
  <system-out/>
  <testcase classname="com.RestAssured.testCases.TC003_GET_REQUEST" name="checkServerType" time="0.002"/>
  <system-out/>
  <testcase classname="com.RestAssured.testCases.TC003_GET_REQUEST" name="checkContentLength" time="0.001"/>
  <system-out/>
  <testcase classname="com.RestAssured.testCases.TC003_GET_REQUEST" name="checkContentType" time="0.001"/>
  <system-out/>
  <testcase classname="com.RestAssured.testCases.TC003_GET_REQUEST" name="checkResponseBody" time="0.004"/>
  <system-out/>
  <testcase classname="com.RestAssured.testCases.TC003_GET_REQUEST" name="checkStatusCode" time="0.003"/>
  <system-out/>
  <testcase classname="com.RestAssured.testCases.TC003_GET_REQUEST" name="checkResponseTime" time="0.001"/>
  <system-out/>
</testsuite> <!-- com.RestAssured.testCases.TC003_GET_REQUEST -->
