<?xml version="1.0" encoding="UTF-8"?>
<!-- Generated by org.testng.reporters.JUnitReportReporter -->
<testsuite hostname="DESKTOP-OT8VNT7" failures="0" tests="1" name="com.RestAssured.testCases.TC006_GET_REQUEST" time="0.553" errors="0" timestamp="2023-01-25T13:29:27 EST" skipped="0">
  <testcase classname="com.RestAssured.testCases.TC006_GET_REQUEST" name="getListOfUsersAll_Nodes" time="0.553"/>
  <system-out/>
</testsuite> <!-- com.RestAssured.testCases.TC006_GET_REQUEST -->
