<?xml version="1.0" encoding="UTF-8"?>
<!-- Generated by org.testng.reporters.JUnitReportReporter -->
<testsuite hostname="DESKTOP-OT8VNT7" failures="0" tests="4" name="com.RestAssured.testCases.TC005_DELETE_REQUEST" time="0.007" errors="0" timestamp="2023-01-25T13:29:27 EST" skipped="0">
  <testcase classname="com.RestAssured.testCases.TC005_DELETE_REQUEST" name="checkResponseTime" time="0.004"/>
  <system-out/>
  <testcase classname="com.RestAssured.testCases.TC005_DELETE_REQUEST" name="checkServerType" time="0.001"/>
  <system-out/>
  <testcase classname="com.RestAssured.testCases.TC005_DELETE_REQUEST" name="checkStatusCode" time="0.001"/>
  <system-out/>
  <testcase classname="com.RestAssured.testCases.TC005_DELETE_REQUEST" name="checkStatusLine" time="0.001"/>
  <system-out/>
</testsuite> <!-- com.RestAssured.testCases.TC005_DELETE_REQUEST -->
