<?xml version="1.0" encoding="UTF-8"?>
<!-- Generated by org.testng.reporters.JUnitReportReporter -->
<testsuite hostname="DESKTOP-OT8VNT7" failures="0" tests="6" name="com.RestAssured.testCases.TC002_POST_REQUEST" time="2.551" errors="0" timestamp="2023-01-25T13:29:27 EST" skipped="0">
  <testcase classname="com.RestAssured.testCases.TC002_POST_REQUEST" name="checkStatusCode" time="0.007"/>
  <system-out/>
  <testcase classname="com.RestAssured.testCases.TC002_POST_REQUEST" name="checkServerType" time="0.001"/>
  <system-out/>
  <testcase classname="com.RestAssured.testCases.TC002_POST_REQUEST" name="checkSuccessCode" time="2.528"/>
  <system-out/>
  <testcase classname="com.RestAssured.testCases.TC002_POST_REQUEST" name="checkContentType" time="0.002"/>
  <system-out/>
  <testcase classname="com.RestAssured.testCases.TC002_POST_REQUEST" name="checkResponseTime" time="0.008"/>
  <system-out/>
  <testcase classname="com.RestAssured.testCases.TC002_POST_REQUEST" name="checkStatusLine" time="0.005"/>
  <system-out/>
</testsuite> <!-- com.RestAssured.testCases.TC002_POST_REQUEST -->
